<?xml version="1.0" encoding="UTF-8"?>
<testsuites name="Amazon_TSCollection_Login" time="56.592" tests="1" failures="0" errors="0">
   <testsuite name="Amazon_TestSuite_Login" tests="1" failures="0" errors="0" time="52.18" skipped="0" timestamp="07-02-2024T11:08:47" hostname="pavit - Pavithra" id="Test Suites/Amazon_TestSuite_Login/Amazon_TestSuite_Login">
      <properties>
         <property name="deviceName" value=""/>
         <property name="devicePlatform" value=""/>
         <property name="logFolder" value="C:\\Users\\pavit\\git\\test\\Reports\\20240207_110841\\Amazon_TestSuite_Login\\Amazon_TestSuite_Login\\20240207_110842"/>
         <property name="logFiles" value="C:\\Users\\pavit\\git\\test\\Reports\\20240207_110841\\Amazon_TestSuite_Login\\Amazon_TestSuite_Login\\20240207_110842\\execution0.log"/>
         <property name="attachments" value=""/>
         <property name="hostName" value="pavit - Pavithra"/>
         <property name="os" value="Windows 11 64bit"/>
         <property name="katalonVersion" value="9.3.0.212"/>
         <property name="browser" value="Chrome 121.0.0.0"/>
         <property name="hostAddress" value="192.168.43.179"/>
         <property name="sessionId" value="14a2dfca4875f41aab9e4929252700a5"/>
         <property name="seleniumVersion" value="3.141.59"/>
         <property name="proxyInformation" value="ProxyInformation { proxyOption=NO_PROXY, proxyServerType=HTTP, username=, password=********, proxyServerAddress=, proxyServerPort=0, executionList=&quot;&quot;, isApplyToDesiredCapabilities=true }"/>
         <property name="platform" value="Windows 11"/>
      </properties>
      <testcase name="Test Cases/Amazon/TC_Amazon_Login" time="51.99" classname="Test Cases/Amazon/TC_Amazon_Login" status="PASSED">
         <system-out><![CDATA[07-02-2024T11:08:47 - [TEST_CASE][PASSED] - Test Cases/Amazon/TC_Amazon_Login: Test Cases/Amazon/TC_Amazon_Login

07-02-2024T11:08:48 - [TEST_STEP][PASSED] - openBrowser(""): Browser is opened with url: ''

07-02-2024T11:08:48 - [MESSAGE][INFO] - Starting 'Chrome' driver

07-02-2024T11:08:48 - [MESSAGE][INFO] - Action delay is set to 0 milliseconds

07-02-2024T11:08:49 - [MESSAGE][PASSED] - Browser is opened with url: ''

07-02-2024T11:08:49 - [TEST_STEP][PASSED] - navigateToUrl("https://www.amazon.in/"): Navigate to 'https://www.amazon.in/' successfully

07-02-2024T11:08:51 - [MESSAGE][PASSED] - Navigate to 'https://www.amazon.in/' successfully

07-02-2024T11:08:51 - [TEST_STEP][PASSED] - click(findTestObject("Object Repository/Amazon_repo/Page_Online Shopping site in India Shop Onl_10c5f3/span_Sign in")): Object: 'Object Repository/Amazon_repo/Page_Online Shopping site in India Shop Onl_10c5f3/span_Sign in' is clicked on

07-02-2024T11:09:22 - [MESSAGE][INFO] - Unable to find the element located by 'By.xpath: //div[@id='nav-signin-tooltip']/a/span'. Please recheck the objects properties to make sure the desired element is located. 

07-02-2024T11:09:22 - [MESSAGE][WARNING] - [SELF-HEALING] Failed to find element with id 'Object Repository/Amazon_repo/Page_Online Shopping site in India Shop Onl_10c5f3/span_Sign in'. Try using Self-healing.

07-02-2024T11:09:22 - [MESSAGE][INFO] - [SELF-HEALING] Failed Locator: '//div[@id='nav-signin-tooltip']/a/span'.

07-02-2024T11:09:23 - [MESSAGE][INFO] - [SELF-HEALING] Working Locator: '(.//*[normalize-space(text()) and normalize-space(.)='Your Free Amazon Business Account'])[1]/following::span[1]'.

07-02-2024T11:09:23 - [MESSAGE][INFO] - [SELF-HEALING] Screenshot: C:/Users/pavit/git/test/Reports/Self-healing/Object Repository/Amazon_repo/Page_Online Shopping site in India Shop Onl_10c5f3/span_Sign in_neighbor.png

07-02-2024T11:09:23 - [MESSAGE][WARNING] - [SELF-HEALING] The current locator of test object 'Object Repository/Amazon_repo/Page_Online Shopping site in India Shop Onl_10c5f3/span_Sign in' was broken. Propose an alternative one: '(.//*[normalize-space(text()) and normalize-space(.)='Your Free Amazon Business Account'])[1]/following::span[1]'.

07-02-2024T11:09:23 - [MESSAGE][PASSED] - Object: 'Object Repository/Amazon_repo/Page_Online Shopping site in India Shop Onl_10c5f3/span_Sign in' is clicked on

07-02-2024T11:09:23 - [TEST_STEP][PASSED] - setText(findTestObject("Object Repository/Amazon_repo/Page_Amazon Sign In/input_Email or mobile phone number_email"), "6301750598"): Text '6301750598' is set on object 'Object Repository/Amazon_repo/Page_Amazon Sign In/input_Email or mobile phone number_email'

07-02-2024T11:09:36 - [MESSAGE][PASSED] - Text '6301750598' is set on object 'Object Repository/Amazon_repo/Page_Amazon Sign In/input_Email or mobile phone number_email'

07-02-2024T11:09:36 - [TEST_STEP][PASSED] - click(findTestObject("Object Repository/Amazon_repo/Page_Amazon Sign In/input_Enter your email or mobile phone numb_fc7402")): Object: 'Object Repository/Amazon_repo/Page_Amazon Sign In/input_Enter your email or mobile phone numb_fc7402' is clicked on

07-02-2024T11:09:38 - [MESSAGE][PASSED] - Object: 'Object Repository/Amazon_repo/Page_Amazon Sign In/input_Enter your email or mobile phone numb_fc7402' is clicked on

07-02-2024T11:09:38 - [TEST_STEP][PASSED] - setEncryptedText(findTestObject("Object Repository/Amazon_repo/Page_Amazon Sign In/input_Forgot Password_password"), "xEk6gq7KXchQHZOl9kdsgg=="): Text ****** has been set on object 'Object Repository/Amazon_repo/Page_Amazon Sign In/input_Forgot Password_password'

07-02-2024T11:09:39 - [MESSAGE][PASSED] - Text ****** has been set on object 'Object Repository/Amazon_repo/Page_Amazon Sign In/input_Forgot Password_password'

07-02-2024T11:09:39 - [TEST_STEP][PASSED] - click(findTestObject("Object Repository/Amazon_repo/Page_Amazon Sign In/input_Enter your password_signInSubmit")): Object: 'Object Repository/Amazon_repo/Page_Amazon Sign In/input_Enter your password_signInSubmit' is clicked on

07-02-2024T11:09:39 - [MESSAGE][PASSED] - Object: 'Object Repository/Amazon_repo/Page_Amazon Sign In/input_Enter your password_signInSubmit' is clicked on

07-02-2024T11:09:39 - [TEST_STEP][PASSED] - closeBrowser(): Browser is closed

07-02-2024T11:09:39 - [MESSAGE][PASSED] - Browser is closed]]></system-out>
         <system-err><![CDATA[]]></system-err>
      </testcase>
      <system-out><![CDATA[07-02-2024T11:08:47 - [TEST_SUITE][PASSED] - Amazon_TestSuite_Login: Test Cases/Amazon/TC_Amazon_Login]]></system-out>
      <system-err><![CDATA[]]></system-err>
   </testsuite>
</testsuites>
