<?xml version="1.0" encoding="UTF-8"?>
<testsuites name="Amazon_TestSuite_Login" time="17.763" tests="1" failures="0" errors="0">
   <testsuite name="Amazon_TestSuite_Login" tests="1" failures="0" errors="0" time="17.763" skipped="0" timestamp="07-02-2024T14:45:21" hostname="pavit - Pavithra" id="Test Suites/Amazon_TestSuite_Login/Amazon_TestSuite_Login">
      <properties>
         <property name="deviceName" value=""/>
         <property name="devicePlatform" value=""/>
         <property name="logFolder" value="C:\\Users\\pavit\\git\\test\\Reports\\20240207_144500\\Amazon_TestSuite_Login\\Amazon_TestSuite_Login\\20240207_144514"/>
         <property name="logFiles" value="C:\\Users\\pavit\\git\\test\\Reports\\20240207_144500\\Amazon_TestSuite_Login\\Amazon_TestSuite_Login\\20240207_144514\\execution0.log"/>
         <property name="attachments" value=""/>
         <property name="hostName" value="pavit - Pavithra"/>
         <property name="os" value="Windows 11 64bit"/>
         <property name="katalonVersion" value="9.3.0.212"/>
         <property name="browser" value="Chrome 121.0.0.0"/>
         <property name="hostAddress" value="192.168.43.179"/>
         <property name="sessionId" value="2d4c6da53b53f0f5ae6fdedad95f4027"/>
         <property name="seleniumVersion" value="3.141.59"/>
         <property name="proxyInformation" value="ProxyInformation { proxyOption=NO_PROXY, proxyServerType=HTTP, username=, password=********, proxyServerAddress=, proxyServerPort=0, executionList=&quot;&quot;, isApplyToDesiredCapabilities=true }"/>
         <property name="platform" value="Windows 11"/>
      </properties>
      <testcase name="Test Cases/Amazon/TC_Amazon_Login" time="17.479" classname="Test Cases/Amazon/TC_Amazon_Login" status="PASSED">
         <system-out><![CDATA[07-02-2024T14:45:22 - [TEST_CASE][PASSED] - Test Cases/Amazon/TC_Amazon_Login: Test Cases/Amazon/TC_Amazon_Login

07-02-2024T14:45:22 - [TEST_STEP][PASSED] - Start listener action : sampleBeforeTestCase: Navigate to 'https://www.amazon.in/' successfully

07-02-2024T14:45:22 - [TEST_STEP][PASSED] - openBrowser(""): Browser is opened with url: ''

07-02-2024T14:45:22 - [MESSAGE][INFO] - Starting 'Chrome' driver

07-02-2024T14:45:22 - [MESSAGE][INFO] - Action delay is set to 0 milliseconds

07-02-2024T14:45:27 - [MESSAGE][PASSED] - Browser is opened with url: ''

07-02-2024T14:45:27 - [TEST_STEP][PASSED] - navigateToUrl("https://www.amazon.in/"): Navigate to 'https://www.amazon.in/' successfully

07-02-2024T14:45:28 - [MESSAGE][PASSED] - Navigate to 'https://www.amazon.in/' successfully

07-02-2024T14:45:29 - [TEST_STEP][PASSED] - openBrowser(""): Browser is opened with url: ''

07-02-2024T14:45:29 - [MESSAGE][WARNING] - A browser is already opened. Closing browser and opening a new one

07-02-2024T14:45:29 - [MESSAGE][INFO] - Starting 'Chrome' driver

07-02-2024T14:45:29 - [MESSAGE][INFO] - Action delay is set to 0 milliseconds

07-02-2024T14:45:30 - [MESSAGE][PASSED] - Browser is opened with url: ''

07-02-2024T14:45:30 - [TEST_STEP][PASSED] - navigateToUrl("https://www.amazon.in/"): Navigate to 'https://www.amazon.in/' successfully

07-02-2024T14:45:31 - [MESSAGE][PASSED] - Navigate to 'https://www.amazon.in/' successfully

07-02-2024T14:45:31 - [TEST_STEP][PASSED] - click(findTestObject("Object Repository/Amazon_repo/Page_Online Shopping site in India Shop Onl_10c5f3/span_Sign in")): Object: 'Object Repository/Amazon_repo/Page_Online Shopping site in India Shop Onl_10c5f3/span_Sign in' is clicked on

07-02-2024T14:45:33 - [MESSAGE][PASSED] - Object: 'Object Repository/Amazon_repo/Page_Online Shopping site in India Shop Onl_10c5f3/span_Sign in' is clicked on

07-02-2024T14:45:33 - [TEST_STEP][PASSED] - setText(findTestObject("Object Repository/Amazon_repo/Page_Amazon Sign In/input_Email or mobile phone number_email"), username): Text '6301750598' is set on object 'Object Repository/Amazon_repo/Page_Amazon Sign In/input_Email or mobile phone number_email'

07-02-2024T14:45:35 - [MESSAGE][PASSED] - Text '6301750598' is set on object 'Object Repository/Amazon_repo/Page_Amazon Sign In/input_Email or mobile phone number_email'

07-02-2024T14:45:35 - [TEST_STEP][PASSED] - click(findTestObject("Object Repository/Amazon_repo/Page_Amazon Sign In/input_Enter your email or mobile phone numb_fc7402")): Object: 'Object Repository/Amazon_repo/Page_Amazon Sign In/input_Enter your email or mobile phone numb_fc7402' is clicked on

07-02-2024T14:45:36 - [MESSAGE][PASSED] - Object: 'Object Repository/Amazon_repo/Page_Amazon Sign In/input_Enter your email or mobile phone numb_fc7402' is clicked on

07-02-2024T14:45:36 - [TEST_STEP][PASSED] - setText(findTestObject("Object Repository/Amazon_repo/Page_Amazon Sign In/input_Forgot Password_password"), password): Text 'Pavi@1283' is set on object 'Object Repository/Amazon_repo/Page_Amazon Sign In/input_Forgot Password_password'

07-02-2024T14:45:37 - [MESSAGE][PASSED] - Text 'Pavi@1283' is set on object 'Object Repository/Amazon_repo/Page_Amazon Sign In/input_Forgot Password_password'

07-02-2024T14:45:37 - [TEST_STEP][PASSED] - click(findTestObject("Object Repository/Amazon_repo/Page_Amazon Sign In/input_Enter your password_signInSubmit")): Object: 'Object Repository/Amazon_repo/Page_Amazon Sign In/input_Enter your password_signInSubmit' is clicked on

07-02-2024T14:45:38 - [MESSAGE][PASSED] - Object: 'Object Repository/Amazon_repo/Page_Amazon Sign In/input_Enter your password_signInSubmit' is clicked on

07-02-2024T14:45:38 - [TEST_STEP][PASSED] - verifyCheckpoint(findCheckpoint("Checkpoints/Amazon_Login/Amazon_Login"), false): Checkpoint data and Source data are matched

07-02-2024T14:45:39 - [MESSAGE][PASSED] - Checkpoint data and Source data are matched

07-02-2024T14:45:39 - [TEST_STEP][PASSED] - closeBrowser(): Browser is closed

07-02-2024T14:45:39 - [MESSAGE][PASSED] - Browser is closed

07-02-2024T14:45:39 - [TEST_STEP][PASSED] - Start listener action : sampleAfterTestCase: Browser is closed

07-02-2024T14:45:39 - [TEST_STEP][PASSED] - closeBrowser(): Browser is closed

07-02-2024T14:45:39 - [MESSAGE][PASSED] - Browser is closed]]></system-out>
         <system-err><![CDATA[]]></system-err>
      </testcase>
      <system-out><![CDATA[07-02-2024T14:45:21 - [TEST_SUITE][PASSED] - Amazon_TestSuite_Login: Test Cases/Amazon/TC_Amazon_Login]]></system-out>
      <system-err><![CDATA[]]></system-err>
   </testsuite>
</testsuites>
